TimeQuest Timing Analyzer report for sumresdef
Sun Nov 01 10:26:35 2020
Quartus II 64-Bit Version 13.0.1 Build 232 06/12/2013 Service Pack 1 SJ Full Version


---------------------
; Table of Contents ;
---------------------
  1. Legal Notice
  2. TimeQuest Timing Analyzer Summary
  3. Parallel Compilation
  4. Clocks
  5. Slow Model Fmax Summary
  6. Slow Model Setup Summary
  7. Slow Model Hold Summary
  8. Slow Model Recovery Summary
  9. Slow Model Removal Summary
 10. Slow Model Minimum Pulse Width Summary
 11. Propagation Delay
 12. Minimum Propagation Delay
 13. Fast Model Setup Summary
 14. Fast Model Hold Summary
 15. Fast Model Recovery Summary
 16. Fast Model Removal Summary
 17. Fast Model Minimum Pulse Width Summary
 18. Propagation Delay
 19. Minimum Propagation Delay
 20. Multicorner Timing Analysis Summary
 21. Progagation Delay
 22. Minimum Progagation Delay
 23. Clock Transfers
 24. Report TCCS
 25. Report RSKM
 26. Unconstrained Paths
 27. TimeQuest Timing Analyzer Messages



----------------
; Legal Notice ;
----------------
Copyright (C) 1991-2013 Altera Corporation
Your use of Altera Corporation's design tools, logic functions 
and other software and tools, and its AMPP partner logic 
functions, and any output files from any of the foregoing 
(including device programming or simulation files), and any 
associated documentation or information are expressly subject 
to the terms and conditions of the Altera Program License 
Subscription Agreement, Altera MegaCore Function License 
Agreement, or other applicable license agreement, including, 
without limitation, that your use is for the sole purpose of 
programming logic devices manufactured by Altera and sold by 
Altera or its authorized distributors.  Please refer to the 
applicable agreement for further details.



+-----------------------------------------------------------------------------------------+
; TimeQuest Timing Analyzer Summary                                                       ;
+--------------------+--------------------------------------------------------------------+
; Quartus II Version ; Version 13.0.1 Build 232 06/12/2013 Service Pack 1 SJ Full Version ;
; Revision Name      ; sumresdef                                                          ;
; Device Family      ; Cyclone II                                                         ;
; Device Name        ; EP2C20F484C7                                                       ;
; Timing Models      ; Final                                                              ;
; Delay Model        ; Combined                                                           ;
; Rise/Fall Delays   ; Unavailable                                                        ;
+--------------------+--------------------------------------------------------------------+


+------------------------------------------+
; Parallel Compilation                     ;
+----------------------------+-------------+
; Processors                 ; Number      ;
+----------------------------+-------------+
; Number detected on machine ; 12          ;
; Maximum allowed            ; 6           ;
;                            ;             ;
; Average used               ; 1.00        ;
; Maximum used               ; 1           ;
;                            ;             ;
; Usage by Processor         ; % Time Used ;
;     Processor 1            ; 100.0%      ;
;     Processors 2-12        ;   0.0%      ;
+----------------------------+-------------+


----------
; Clocks ;
----------
No clocks to report.


---------------------------
; Slow Model Fmax Summary ;
---------------------------
No paths to report.


----------------------------
; Slow Model Setup Summary ;
----------------------------
No paths to report.


---------------------------
; Slow Model Hold Summary ;
---------------------------
No paths to report.


-------------------------------
; Slow Model Recovery Summary ;
-------------------------------
No paths to report.


------------------------------
; Slow Model Removal Summary ;
------------------------------
No paths to report.


------------------------------------------
; Slow Model Minimum Pulse Width Summary ;
------------------------------------------
No paths to report.


+--------------------------------------------------------------+
; Propagation Delay                                            ;
+------------+-------------+--------+--------+--------+--------+
; Input Port ; Output Port ; RR     ; RF     ; FR     ; FF     ;
+------------+-------------+--------+--------+--------+--------+
; a[0]       ; d_0[0]      ; 11.995 ; 11.995 ; 11.995 ; 11.995 ;
; a[0]       ; d_0[1]      ; 12.268 ; 12.268 ; 12.268 ; 12.268 ;
; a[0]       ; d_0[2]      ; 12.270 ; 12.270 ; 12.270 ; 12.270 ;
; a[0]       ; d_0[3]      ; 12.002 ; 12.002 ; 12.002 ; 12.002 ;
; a[0]       ; d_0[4]      ; 11.993 ; 11.993 ; 11.993 ; 11.993 ;
; a[0]       ; d_0[5]      ; 12.341 ; 12.341 ; 12.341 ; 12.341 ;
; a[0]       ; d_0[6]      ; 12.277 ; 12.277 ; 12.277 ; 12.277 ;
; a[0]       ; d_1[1]      ; 12.686 ; 12.686 ; 12.686 ; 12.686 ;
; a[0]       ; d_1[2]      ; 12.777 ; 12.777 ; 12.777 ; 12.777 ;
; a[0]       ; d_1[3]      ; 12.541 ; 12.541 ; 12.541 ; 12.541 ;
; a[0]       ; d_1[6]      ; 12.739 ; 12.739 ; 12.739 ; 12.739 ;
; a[0]       ; ov          ; 12.340 ; 12.340 ; 12.340 ; 12.340 ;
; a[1]       ; d_0[0]      ; 10.933 ; 10.933 ; 10.933 ; 10.933 ;
; a[1]       ; d_0[1]      ; 11.206 ; 11.206 ; 11.206 ; 11.206 ;
; a[1]       ; d_0[2]      ; 11.208 ; 11.208 ; 11.208 ; 11.208 ;
; a[1]       ; d_0[3]      ; 10.940 ; 10.940 ; 10.940 ; 10.940 ;
; a[1]       ; d_0[4]      ; 10.931 ; 10.931 ; 10.931 ; 10.931 ;
; a[1]       ; d_0[5]      ; 11.279 ; 11.279 ; 11.279 ; 11.279 ;
; a[1]       ; d_0[6]      ; 11.215 ; 11.215 ; 11.215 ; 11.215 ;
; a[1]       ; d_1[1]      ; 11.624 ; 11.624 ; 11.624 ; 11.624 ;
; a[1]       ; d_1[2]      ; 11.715 ; 11.715 ; 11.715 ; 11.715 ;
; a[1]       ; d_1[3]      ; 11.479 ; 11.479 ; 11.479 ; 11.479 ;
; a[1]       ; d_1[6]      ; 11.677 ; 11.677 ; 11.677 ; 11.677 ;
; a[1]       ; ov          ; 11.278 ; 11.278 ; 11.278 ; 11.278 ;
; a[2]       ; d_0[0]      ; 11.590 ; 11.590 ; 11.590 ; 11.590 ;
; a[2]       ; d_0[1]      ; 11.863 ; 11.863 ; 11.863 ; 11.863 ;
; a[2]       ; d_0[2]      ; 11.865 ; 11.865 ; 11.865 ; 11.865 ;
; a[2]       ; d_0[3]      ; 11.597 ; 11.597 ; 11.597 ; 11.597 ;
; a[2]       ; d_0[4]      ; 11.588 ; 11.588 ; 11.588 ; 11.588 ;
; a[2]       ; d_0[5]      ; 11.936 ; 11.936 ; 11.936 ; 11.936 ;
; a[2]       ; d_0[6]      ; 11.872 ; 11.872 ; 11.872 ; 11.872 ;
; a[2]       ; d_1[1]      ; 12.281 ; 12.281 ; 12.281 ; 12.281 ;
; a[2]       ; d_1[2]      ; 12.372 ; 12.372 ; 12.372 ; 12.372 ;
; a[2]       ; d_1[3]      ; 12.136 ; 12.136 ; 12.136 ; 12.136 ;
; a[2]       ; d_1[6]      ; 12.334 ; 12.334 ; 12.334 ; 12.334 ;
; a[2]       ; ov          ; 11.935 ; 11.935 ; 11.935 ; 11.935 ;
; a[3]       ; d_0[0]      ; 10.837 ; 10.837 ; 10.837 ; 10.837 ;
; a[3]       ; d_0[1]      ; 11.110 ; 11.110 ; 11.110 ; 11.110 ;
; a[3]       ; d_0[2]      ; 11.112 ; 11.112 ; 11.112 ; 11.112 ;
; a[3]       ; d_0[3]      ; 10.844 ; 10.844 ; 10.844 ; 10.844 ;
; a[3]       ; d_0[4]      ; 10.835 ; 10.835 ; 10.835 ; 10.835 ;
; a[3]       ; d_0[5]      ; 11.183 ; 11.183 ; 11.183 ; 11.183 ;
; a[3]       ; d_0[6]      ; 11.119 ; 11.119 ; 11.119 ; 11.119 ;
; a[3]       ; d_1[1]      ; 11.529 ; 11.529 ; 11.529 ; 11.529 ;
; a[3]       ; d_1[2]      ; 11.620 ; 11.620 ; 11.620 ; 11.620 ;
; a[3]       ; d_1[3]      ; 11.384 ; 11.384 ; 11.384 ; 11.384 ;
; a[3]       ; d_1[6]      ; 11.582 ; 11.582 ; 11.582 ; 11.582 ;
; a[3]       ; ov          ; 11.183 ; 11.183 ; 11.183 ; 11.183 ;
; a[4]       ; d_1[1]      ; 10.339 ; 10.339 ; 10.339 ; 10.339 ;
; a[4]       ; d_1[2]      ; 10.430 ; 10.430 ; 10.430 ; 10.430 ;
; a[4]       ; d_1[3]      ; 10.194 ; 10.194 ; 10.194 ; 10.194 ;
; a[4]       ; d_1[6]      ; 10.392 ; 10.392 ; 10.392 ; 10.392 ;
; a[4]       ; ov          ; 9.993  ; 9.993  ; 9.993  ; 9.993  ;
; b[0]       ; d_0[0]      ; 12.751 ; 12.751 ; 12.751 ; 12.751 ;
; b[0]       ; d_0[1]      ; 13.024 ; 13.024 ; 13.024 ; 13.024 ;
; b[0]       ; d_0[2]      ; 13.026 ; 13.026 ; 13.026 ; 13.026 ;
; b[0]       ; d_0[3]      ; 12.758 ; 12.758 ; 12.758 ; 12.758 ;
; b[0]       ; d_0[4]      ; 12.749 ; 12.749 ; 12.749 ; 12.749 ;
; b[0]       ; d_0[5]      ; 13.097 ; 13.097 ; 13.097 ; 13.097 ;
; b[0]       ; d_0[6]      ; 13.033 ; 13.033 ; 13.033 ; 13.033 ;
; b[0]       ; d_1[1]      ; 13.442 ; 13.442 ; 13.442 ; 13.442 ;
; b[0]       ; d_1[2]      ; 13.533 ; 13.533 ; 13.533 ; 13.533 ;
; b[0]       ; d_1[3]      ; 13.297 ; 13.297 ; 13.297 ; 13.297 ;
; b[0]       ; d_1[6]      ; 13.495 ; 13.495 ; 13.495 ; 13.495 ;
; b[0]       ; ov          ; 13.096 ; 13.096 ; 13.096 ; 13.096 ;
; b[1]       ; d_0[0]      ; 11.147 ; 11.147 ; 11.147 ; 11.147 ;
; b[1]       ; d_0[1]      ; 11.420 ; 11.420 ; 11.420 ; 11.420 ;
; b[1]       ; d_0[2]      ; 11.422 ; 11.422 ; 11.422 ; 11.422 ;
; b[1]       ; d_0[3]      ; 11.154 ; 11.154 ; 11.154 ; 11.154 ;
; b[1]       ; d_0[4]      ; 11.145 ; 11.145 ; 11.145 ; 11.145 ;
; b[1]       ; d_0[5]      ; 11.493 ; 11.493 ; 11.493 ; 11.493 ;
; b[1]       ; d_0[6]      ; 11.429 ; 11.429 ; 11.429 ; 11.429 ;
; b[1]       ; d_1[1]      ; 11.838 ; 11.838 ; 11.838 ; 11.838 ;
; b[1]       ; d_1[2]      ; 11.929 ; 11.929 ; 11.929 ; 11.929 ;
; b[1]       ; d_1[3]      ; 11.693 ; 11.693 ; 11.693 ; 11.693 ;
; b[1]       ; d_1[6]      ; 11.891 ; 11.891 ; 11.891 ; 11.891 ;
; b[1]       ; ov          ; 11.492 ; 11.492 ; 11.492 ; 11.492 ;
; b[2]       ; d_0[0]      ; 11.358 ; 11.358 ; 11.358 ; 11.358 ;
; b[2]       ; d_0[1]      ; 11.631 ; 11.631 ; 11.631 ; 11.631 ;
; b[2]       ; d_0[2]      ; 11.633 ; 11.633 ; 11.633 ; 11.633 ;
; b[2]       ; d_0[3]      ; 11.365 ; 11.365 ; 11.365 ; 11.365 ;
; b[2]       ; d_0[4]      ; 11.356 ; 11.356 ; 11.356 ; 11.356 ;
; b[2]       ; d_0[5]      ; 11.704 ; 11.704 ; 11.704 ; 11.704 ;
; b[2]       ; d_0[6]      ; 11.640 ; 11.640 ; 11.640 ; 11.640 ;
; b[2]       ; d_1[1]      ; 12.049 ; 12.049 ; 12.049 ; 12.049 ;
; b[2]       ; d_1[2]      ; 12.140 ; 12.140 ; 12.140 ; 12.140 ;
; b[2]       ; d_1[3]      ; 11.904 ; 11.904 ; 11.904 ; 11.904 ;
; b[2]       ; d_1[6]      ; 12.102 ; 12.102 ; 12.102 ; 12.102 ;
; b[2]       ; ov          ; 11.703 ; 11.703 ; 11.703 ; 11.703 ;
; b[3]       ; d_0[0]      ; 10.808 ; 10.808 ; 10.808 ; 10.808 ;
; b[3]       ; d_0[1]      ; 11.081 ; 11.081 ; 11.081 ; 11.081 ;
; b[3]       ; d_0[2]      ; 11.083 ; 11.083 ; 11.083 ; 11.083 ;
; b[3]       ; d_0[3]      ; 10.815 ; 10.815 ; 10.815 ; 10.815 ;
; b[3]       ; d_0[4]      ; 10.806 ; 10.806 ; 10.806 ; 10.806 ;
; b[3]       ; d_0[5]      ; 11.154 ; 11.154 ; 11.154 ; 11.154 ;
; b[3]       ; d_0[6]      ; 11.090 ; 11.090 ; 11.090 ; 11.090 ;
; b[3]       ; d_1[1]      ; 11.498 ; 11.498 ; 11.498 ; 11.498 ;
; b[3]       ; d_1[2]      ; 11.589 ; 11.589 ; 11.589 ; 11.589 ;
; b[3]       ; d_1[3]      ; 11.353 ; 11.353 ; 11.353 ; 11.353 ;
; b[3]       ; d_1[6]      ; 11.551 ; 11.551 ; 11.551 ; 11.551 ;
; b[3]       ; ov          ; 11.152 ; 11.152 ; 11.152 ; 11.152 ;
; b[4]       ; d_1[1]      ; 9.929  ; 9.929  ; 9.929  ; 9.929  ;
; b[4]       ; d_1[2]      ; 10.020 ; 10.020 ; 10.020 ; 10.020 ;
; b[4]       ; d_1[3]      ; 9.784  ; 9.784  ; 9.784  ; 9.784  ;
; b[4]       ; d_1[6]      ; 9.982  ; 9.982  ; 9.982  ; 9.982  ;
; b[4]       ; ov          ; 9.581  ; 9.581  ; 9.581  ; 9.581  ;
; sr         ; d_0[0]      ; 12.469 ; 12.469 ; 12.469 ; 12.469 ;
; sr         ; d_0[1]      ; 12.742 ; 12.742 ; 12.742 ; 12.742 ;
; sr         ; d_0[2]      ; 12.744 ; 12.744 ; 12.744 ; 12.744 ;
; sr         ; d_0[3]      ; 12.476 ; 12.476 ; 12.476 ; 12.476 ;
; sr         ; d_0[4]      ; 12.467 ; 12.467 ; 12.467 ; 12.467 ;
; sr         ; d_0[5]      ; 12.815 ; 12.815 ; 12.815 ; 12.815 ;
; sr         ; d_0[6]      ; 12.751 ; 12.751 ; 12.751 ; 12.751 ;
; sr         ; d_1[1]      ; 13.160 ; 13.160 ; 13.160 ; 13.160 ;
; sr         ; d_1[2]      ; 13.251 ; 13.251 ; 13.251 ; 13.251 ;
; sr         ; d_1[3]      ; 13.015 ; 13.015 ; 13.015 ; 13.015 ;
; sr         ; d_1[6]      ; 13.213 ; 13.213 ; 13.213 ; 13.213 ;
; sr         ; ov          ; 12.814 ; 12.814 ; 12.814 ; 12.814 ;
+------------+-------------+--------+--------+--------+--------+


+--------------------------------------------------------------+
; Minimum Propagation Delay                                    ;
+------------+-------------+--------+--------+--------+--------+
; Input Port ; Output Port ; RR     ; RF     ; FR     ; FF     ;
+------------+-------------+--------+--------+--------+--------+
; a[0]       ; d_0[0]      ; 10.335 ; 10.335 ; 10.335 ; 10.335 ;
; a[0]       ; d_0[1]      ; 10.643 ; 10.643 ; 10.643 ; 10.643 ;
; a[0]       ; d_0[2]      ; 10.651 ; 10.651 ; 10.651 ; 10.651 ;
; a[0]       ; d_0[3]      ; 10.336 ; 10.336 ; 10.336 ; 10.336 ;
; a[0]       ; d_0[4]      ; 10.333 ; 10.333 ; 10.333 ; 10.333 ;
; a[0]       ; d_0[5]      ; 10.673 ; 10.673 ; 10.673 ; 10.673 ;
; a[0]       ; d_0[6]      ; 10.653 ; 10.653 ; 10.653 ; 10.653 ;
; a[0]       ; d_1[1]      ; 12.686 ; 12.686 ; 12.686 ; 12.686 ;
; a[0]       ; d_1[2]      ; 12.777 ; 12.777 ; 12.777 ; 12.777 ;
; a[0]       ; d_1[3]      ; 12.541 ; 12.541 ; 12.541 ; 12.541 ;
; a[0]       ; d_1[6]      ; 12.739 ; 12.739 ; 12.739 ; 12.739 ;
; a[0]       ; ov          ; 12.340 ; 12.340 ; 12.340 ; 12.340 ;
; a[1]       ; d_0[0]      ; 10.329 ; 10.329 ; 10.329 ; 10.329 ;
; a[1]       ; d_0[1]      ; 10.638 ; 10.638 ; 10.638 ; 10.638 ;
; a[1]       ; d_0[2]      ; 10.642 ; 10.642 ; 10.642 ; 10.642 ;
; a[1]       ; d_0[3]      ; 10.327 ; 10.327 ; 10.327 ; 10.327 ;
; a[1]       ; d_0[4]      ; 10.327 ; 10.327 ; 10.327 ; 10.327 ;
; a[1]       ; d_0[5]      ; 10.662 ; 10.662 ; 10.662 ; 10.662 ;
; a[1]       ; d_0[6]      ; 10.647 ; 10.647 ; 10.647 ; 10.647 ;
; a[1]       ; d_1[1]      ; 11.624 ; 11.624 ; 11.624 ; 11.624 ;
; a[1]       ; d_1[2]      ; 11.715 ; 11.715 ; 11.715 ; 11.715 ;
; a[1]       ; d_1[3]      ; 11.479 ; 11.479 ; 11.479 ; 11.479 ;
; a[1]       ; d_1[6]      ; 11.677 ; 11.677 ; 11.677 ; 11.677 ;
; a[1]       ; ov          ; 11.278 ; 11.278 ; 11.278 ; 11.278 ;
; a[2]       ; d_0[0]      ; 10.976 ; 10.976 ; 10.976 ; 10.976 ;
; a[2]       ; d_0[1]      ; 11.285 ; 11.285 ; 11.285 ; 11.285 ;
; a[2]       ; d_0[2]      ; 11.289 ; 11.289 ; 11.289 ; 11.289 ;
; a[2]       ; d_0[3]      ; 10.974 ; 10.974 ; 10.974 ; 10.974 ;
; a[2]       ; d_0[4]      ; 10.974 ; 10.974 ; 10.974 ; 10.974 ;
; a[2]       ; d_0[5]      ; 11.309 ; 11.309 ; 11.309 ; 11.309 ;
; a[2]       ; d_0[6]      ; 11.294 ; 11.294 ; 11.294 ; 11.294 ;
; a[2]       ; d_1[1]      ; 12.036 ; 12.036 ; 12.036 ; 12.036 ;
; a[2]       ; d_1[2]      ; 12.127 ; 12.127 ; 12.127 ; 12.127 ;
; a[2]       ; d_1[3]      ; 11.891 ; 11.891 ; 11.891 ; 11.891 ;
; a[2]       ; d_1[6]      ; 12.089 ; 12.089 ; 12.089 ; 12.089 ;
; a[2]       ; ov          ; 11.690 ; 11.690 ; 11.690 ; 11.690 ;
; a[3]       ; d_0[0]      ; 10.837 ; 10.837 ; 10.837 ; 10.837 ;
; a[3]       ; d_0[1]      ; 11.110 ; 11.110 ; 11.110 ; 11.110 ;
; a[3]       ; d_0[2]      ; 11.112 ; 11.112 ; 11.112 ; 11.112 ;
; a[3]       ; d_0[3]      ; 10.844 ; 10.844 ; 10.844 ; 10.844 ;
; a[3]       ; d_0[4]      ; 10.835 ; 10.835 ; 10.835 ; 10.835 ;
; a[3]       ; d_0[5]      ; 11.183 ; 11.183 ; 11.183 ; 11.183 ;
; a[3]       ; d_0[6]      ; 11.119 ; 11.119 ; 11.119 ; 11.119 ;
; a[3]       ; d_1[1]      ; 11.529 ; 11.529 ; 11.529 ; 11.529 ;
; a[3]       ; d_1[2]      ; 11.620 ; 11.620 ; 11.620 ; 11.620 ;
; a[3]       ; d_1[3]      ; 11.384 ; 11.384 ; 11.384 ; 11.384 ;
; a[3]       ; d_1[6]      ; 11.582 ; 11.582 ; 11.582 ; 11.582 ;
; a[3]       ; ov          ; 11.183 ; 11.183 ; 11.183 ; 11.183 ;
; a[4]       ; d_1[1]      ; 10.339 ; 10.339 ; 10.339 ; 10.339 ;
; a[4]       ; d_1[2]      ; 10.430 ; 10.430 ; 10.430 ; 10.430 ;
; a[4]       ; d_1[3]      ; 10.194 ; 10.194 ; 10.194 ; 10.194 ;
; a[4]       ; d_1[6]      ; 10.392 ; 10.392 ; 10.392 ; 10.392 ;
; a[4]       ; ov          ; 9.993  ; 9.993  ; 9.993  ; 9.993  ;
; b[0]       ; d_0[0]      ; 11.089 ; 11.089 ; 11.089 ; 11.089 ;
; b[0]       ; d_0[1]      ; 11.397 ; 11.397 ; 11.397 ; 11.397 ;
; b[0]       ; d_0[2]      ; 11.405 ; 11.405 ; 11.405 ; 11.405 ;
; b[0]       ; d_0[3]      ; 11.090 ; 11.090 ; 11.090 ; 11.090 ;
; b[0]       ; d_0[4]      ; 11.087 ; 11.087 ; 11.087 ; 11.087 ;
; b[0]       ; d_0[5]      ; 11.427 ; 11.427 ; 11.427 ; 11.427 ;
; b[0]       ; d_0[6]      ; 11.407 ; 11.407 ; 11.407 ; 11.407 ;
; b[0]       ; d_1[1]      ; 13.442 ; 13.442 ; 13.442 ; 13.442 ;
; b[0]       ; d_1[2]      ; 13.533 ; 13.533 ; 13.533 ; 13.533 ;
; b[0]       ; d_1[3]      ; 13.297 ; 13.297 ; 13.297 ; 13.297 ;
; b[0]       ; d_1[6]      ; 13.495 ; 13.495 ; 13.495 ; 13.495 ;
; b[0]       ; ov          ; 13.096 ; 13.096 ; 13.096 ; 13.096 ;
; b[1]       ; d_0[0]      ; 10.748 ; 10.748 ; 10.748 ; 10.748 ;
; b[1]       ; d_0[1]      ; 11.054 ; 11.054 ; 11.054 ; 11.054 ;
; b[1]       ; d_0[2]      ; 11.029 ; 11.029 ; 11.029 ; 11.029 ;
; b[1]       ; d_0[3]      ; 10.741 ; 10.741 ; 10.741 ; 10.741 ;
; b[1]       ; d_0[4]      ; 10.744 ; 10.744 ; 10.744 ; 10.744 ;
; b[1]       ; d_0[5]      ; 11.081 ; 11.081 ; 11.081 ; 11.081 ;
; b[1]       ; d_0[6]      ; 11.025 ; 11.025 ; 11.025 ; 11.025 ;
; b[1]       ; d_1[1]      ; 11.838 ; 11.838 ; 11.838 ; 11.838 ;
; b[1]       ; d_1[2]      ; 11.929 ; 11.929 ; 11.929 ; 11.929 ;
; b[1]       ; d_1[3]      ; 11.693 ; 11.693 ; 11.693 ; 11.693 ;
; b[1]       ; d_1[6]      ; 11.891 ; 11.891 ; 11.891 ; 11.891 ;
; b[1]       ; ov          ; 11.492 ; 11.492 ; 11.492 ; 11.492 ;
; b[2]       ; d_0[0]      ; 10.705 ; 10.705 ; 10.705 ; 10.705 ;
; b[2]       ; d_0[1]      ; 11.014 ; 11.014 ; 11.014 ; 11.014 ;
; b[2]       ; d_0[2]      ; 11.018 ; 11.018 ; 11.018 ; 11.018 ;
; b[2]       ; d_0[3]      ; 10.703 ; 10.703 ; 10.703 ; 10.703 ;
; b[2]       ; d_0[4]      ; 10.703 ; 10.703 ; 10.703 ; 10.703 ;
; b[2]       ; d_0[5]      ; 11.038 ; 11.038 ; 11.038 ; 11.038 ;
; b[2]       ; d_0[6]      ; 11.023 ; 11.023 ; 11.023 ; 11.023 ;
; b[2]       ; d_1[1]      ; 11.763 ; 11.763 ; 11.763 ; 11.763 ;
; b[2]       ; d_1[2]      ; 11.854 ; 11.854 ; 11.854 ; 11.854 ;
; b[2]       ; d_1[3]      ; 11.618 ; 11.618 ; 11.618 ; 11.618 ;
; b[2]       ; d_1[6]      ; 11.816 ; 11.816 ; 11.816 ; 11.816 ;
; b[2]       ; ov          ; 11.417 ; 11.417 ; 11.417 ; 11.417 ;
; b[3]       ; d_0[0]      ; 10.808 ; 10.808 ; 10.808 ; 10.808 ;
; b[3]       ; d_0[1]      ; 11.081 ; 11.081 ; 11.081 ; 11.081 ;
; b[3]       ; d_0[2]      ; 11.083 ; 11.083 ; 11.083 ; 11.083 ;
; b[3]       ; d_0[3]      ; 10.815 ; 10.815 ; 10.815 ; 10.815 ;
; b[3]       ; d_0[4]      ; 10.806 ; 10.806 ; 10.806 ; 10.806 ;
; b[3]       ; d_0[5]      ; 11.154 ; 11.154 ; 11.154 ; 11.154 ;
; b[3]       ; d_0[6]      ; 11.090 ; 11.090 ; 11.090 ; 11.090 ;
; b[3]       ; d_1[1]      ; 11.498 ; 11.498 ; 11.498 ; 11.498 ;
; b[3]       ; d_1[2]      ; 11.589 ; 11.589 ; 11.589 ; 11.589 ;
; b[3]       ; d_1[3]      ; 11.353 ; 11.353 ; 11.353 ; 11.353 ;
; b[3]       ; d_1[6]      ; 11.551 ; 11.551 ; 11.551 ; 11.551 ;
; b[3]       ; ov          ; 11.152 ; 11.152 ; 11.152 ; 11.152 ;
; b[4]       ; d_1[1]      ; 9.929  ; 9.929  ; 9.929  ; 9.929  ;
; b[4]       ; d_1[2]      ; 10.020 ; 10.020 ; 10.020 ; 10.020 ;
; b[4]       ; d_1[3]      ; 9.784  ; 9.784  ; 9.784  ; 9.784  ;
; b[4]       ; d_1[6]      ; 9.982  ; 9.982  ; 9.982  ; 9.982  ;
; b[4]       ; ov          ; 9.581  ; 9.581  ; 9.581  ; 9.581  ;
; sr         ; d_0[0]      ; 10.813 ; 10.813 ; 10.813 ; 10.813 ;
; sr         ; d_0[1]      ; 11.121 ; 11.121 ; 11.121 ; 11.121 ;
; sr         ; d_0[2]      ; 11.129 ; 11.129 ; 11.129 ; 11.129 ;
; sr         ; d_0[3]      ; 10.814 ; 10.814 ; 10.814 ; 10.814 ;
; sr         ; d_0[4]      ; 10.811 ; 10.811 ; 10.811 ; 10.811 ;
; sr         ; d_0[5]      ; 11.151 ; 11.151 ; 11.151 ; 11.151 ;
; sr         ; d_0[6]      ; 11.131 ; 11.131 ; 11.131 ; 11.131 ;
; sr         ; d_1[1]      ; 13.160 ; 13.160 ; 13.160 ; 13.160 ;
; sr         ; d_1[2]      ; 13.251 ; 13.251 ; 13.251 ; 13.251 ;
; sr         ; d_1[3]      ; 13.015 ; 13.015 ; 13.015 ; 13.015 ;
; sr         ; d_1[6]      ; 13.213 ; 13.213 ; 13.213 ; 13.213 ;
; sr         ; ov          ; 12.814 ; 12.814 ; 12.814 ; 12.814 ;
+------------+-------------+--------+--------+--------+--------+


----------------------------
; Fast Model Setup Summary ;
----------------------------
No paths to report.


---------------------------
; Fast Model Hold Summary ;
---------------------------
No paths to report.


-------------------------------
; Fast Model Recovery Summary ;
-------------------------------
No paths to report.


------------------------------
; Fast Model Removal Summary ;
------------------------------
No paths to report.


------------------------------------------
; Fast Model Minimum Pulse Width Summary ;
------------------------------------------
No paths to report.


+----------------------------------------------------------+
; Propagation Delay                                        ;
+------------+-------------+-------+-------+-------+-------+
; Input Port ; Output Port ; RR    ; RF    ; FR    ; FF    ;
+------------+-------------+-------+-------+-------+-------+
; a[0]       ; d_0[0]      ; 5.840 ; 5.840 ; 5.840 ; 5.840 ;
; a[0]       ; d_0[1]      ; 5.936 ; 5.936 ; 5.936 ; 5.936 ;
; a[0]       ; d_0[2]      ; 5.949 ; 5.949 ; 5.949 ; 5.949 ;
; a[0]       ; d_0[3]      ; 5.848 ; 5.848 ; 5.848 ; 5.848 ;
; a[0]       ; d_0[4]      ; 5.844 ; 5.844 ; 5.844 ; 5.844 ;
; a[0]       ; d_0[5]      ; 5.971 ; 5.971 ; 5.971 ; 5.971 ;
; a[0]       ; d_0[6]      ; 5.945 ; 5.945 ; 5.945 ; 5.945 ;
; a[0]       ; d_1[1]      ; 6.094 ; 6.094 ; 6.094 ; 6.094 ;
; a[0]       ; d_1[2]      ; 6.214 ; 6.214 ; 6.214 ; 6.214 ;
; a[0]       ; d_1[3]      ; 6.117 ; 6.117 ; 6.117 ; 6.117 ;
; a[0]       ; d_1[6]      ; 6.146 ; 6.146 ; 6.146 ; 6.146 ;
; a[0]       ; ov          ; 5.969 ; 5.969 ; 5.969 ; 5.969 ;
; a[1]       ; d_0[0]      ; 5.478 ; 5.478 ; 5.478 ; 5.478 ;
; a[1]       ; d_0[1]      ; 5.574 ; 5.574 ; 5.574 ; 5.574 ;
; a[1]       ; d_0[2]      ; 5.587 ; 5.587 ; 5.587 ; 5.587 ;
; a[1]       ; d_0[3]      ; 5.486 ; 5.486 ; 5.486 ; 5.486 ;
; a[1]       ; d_0[4]      ; 5.482 ; 5.482 ; 5.482 ; 5.482 ;
; a[1]       ; d_0[5]      ; 5.609 ; 5.609 ; 5.609 ; 5.609 ;
; a[1]       ; d_0[6]      ; 5.583 ; 5.583 ; 5.583 ; 5.583 ;
; a[1]       ; d_1[1]      ; 5.732 ; 5.732 ; 5.732 ; 5.732 ;
; a[1]       ; d_1[2]      ; 5.852 ; 5.852 ; 5.852 ; 5.852 ;
; a[1]       ; d_1[3]      ; 5.755 ; 5.755 ; 5.755 ; 5.755 ;
; a[1]       ; d_1[6]      ; 5.784 ; 5.784 ; 5.784 ; 5.784 ;
; a[1]       ; ov          ; 5.607 ; 5.607 ; 5.607 ; 5.607 ;
; a[2]       ; d_0[0]      ; 5.745 ; 5.745 ; 5.745 ; 5.745 ;
; a[2]       ; d_0[1]      ; 5.841 ; 5.841 ; 5.841 ; 5.841 ;
; a[2]       ; d_0[2]      ; 5.854 ; 5.854 ; 5.854 ; 5.854 ;
; a[2]       ; d_0[3]      ; 5.753 ; 5.753 ; 5.753 ; 5.753 ;
; a[2]       ; d_0[4]      ; 5.749 ; 5.749 ; 5.749 ; 5.749 ;
; a[2]       ; d_0[5]      ; 5.876 ; 5.876 ; 5.876 ; 5.876 ;
; a[2]       ; d_0[6]      ; 5.850 ; 5.850 ; 5.850 ; 5.850 ;
; a[2]       ; d_1[1]      ; 5.999 ; 5.999 ; 5.999 ; 5.999 ;
; a[2]       ; d_1[2]      ; 6.119 ; 6.119 ; 6.119 ; 6.119 ;
; a[2]       ; d_1[3]      ; 6.022 ; 6.022 ; 6.022 ; 6.022 ;
; a[2]       ; d_1[6]      ; 6.051 ; 6.051 ; 6.051 ; 6.051 ;
; a[2]       ; ov          ; 5.874 ; 5.874 ; 5.874 ; 5.874 ;
; a[3]       ; d_0[0]      ; 5.427 ; 5.427 ; 5.427 ; 5.427 ;
; a[3]       ; d_0[1]      ; 5.523 ; 5.523 ; 5.523 ; 5.523 ;
; a[3]       ; d_0[2]      ; 5.536 ; 5.536 ; 5.536 ; 5.536 ;
; a[3]       ; d_0[3]      ; 5.435 ; 5.435 ; 5.435 ; 5.435 ;
; a[3]       ; d_0[4]      ; 5.431 ; 5.431 ; 5.431 ; 5.431 ;
; a[3]       ; d_0[5]      ; 5.558 ; 5.558 ; 5.558 ; 5.558 ;
; a[3]       ; d_0[6]      ; 5.532 ; 5.532 ; 5.532 ; 5.532 ;
; a[3]       ; d_1[1]      ; 5.683 ; 5.683 ; 5.683 ; 5.683 ;
; a[3]       ; d_1[2]      ; 5.803 ; 5.803 ; 5.803 ; 5.803 ;
; a[3]       ; d_1[3]      ; 5.706 ; 5.706 ; 5.706 ; 5.706 ;
; a[3]       ; d_1[6]      ; 5.735 ; 5.735 ; 5.735 ; 5.735 ;
; a[3]       ; ov          ; 5.558 ; 5.558 ; 5.558 ; 5.558 ;
; a[4]       ; d_1[1]      ; 5.239 ; 5.239 ; 5.239 ; 5.239 ;
; a[4]       ; d_1[2]      ; 5.359 ; 5.359 ; 5.359 ; 5.359 ;
; a[4]       ; d_1[3]      ; 5.262 ; 5.262 ; 5.262 ; 5.262 ;
; a[4]       ; d_1[6]      ; 5.291 ; 5.291 ; 5.291 ; 5.291 ;
; a[4]       ; ov          ; 5.114 ; 5.114 ; 5.114 ; 5.114 ;
; b[0]       ; d_0[0]      ; 6.129 ; 6.129 ; 6.129 ; 6.129 ;
; b[0]       ; d_0[1]      ; 6.225 ; 6.225 ; 6.225 ; 6.225 ;
; b[0]       ; d_0[2]      ; 6.238 ; 6.238 ; 6.238 ; 6.238 ;
; b[0]       ; d_0[3]      ; 6.137 ; 6.137 ; 6.137 ; 6.137 ;
; b[0]       ; d_0[4]      ; 6.133 ; 6.133 ; 6.133 ; 6.133 ;
; b[0]       ; d_0[5]      ; 6.260 ; 6.260 ; 6.260 ; 6.260 ;
; b[0]       ; d_0[6]      ; 6.234 ; 6.234 ; 6.234 ; 6.234 ;
; b[0]       ; d_1[1]      ; 6.383 ; 6.383 ; 6.383 ; 6.383 ;
; b[0]       ; d_1[2]      ; 6.503 ; 6.503 ; 6.503 ; 6.503 ;
; b[0]       ; d_1[3]      ; 6.406 ; 6.406 ; 6.406 ; 6.406 ;
; b[0]       ; d_1[6]      ; 6.435 ; 6.435 ; 6.435 ; 6.435 ;
; b[0]       ; ov          ; 6.258 ; 6.258 ; 6.258 ; 6.258 ;
; b[1]       ; d_0[0]      ; 5.566 ; 5.566 ; 5.566 ; 5.566 ;
; b[1]       ; d_0[1]      ; 5.662 ; 5.662 ; 5.662 ; 5.662 ;
; b[1]       ; d_0[2]      ; 5.675 ; 5.675 ; 5.675 ; 5.675 ;
; b[1]       ; d_0[3]      ; 5.574 ; 5.574 ; 5.574 ; 5.574 ;
; b[1]       ; d_0[4]      ; 5.570 ; 5.570 ; 5.570 ; 5.570 ;
; b[1]       ; d_0[5]      ; 5.697 ; 5.697 ; 5.697 ; 5.697 ;
; b[1]       ; d_0[6]      ; 5.671 ; 5.671 ; 5.671 ; 5.671 ;
; b[1]       ; d_1[1]      ; 5.820 ; 5.820 ; 5.820 ; 5.820 ;
; b[1]       ; d_1[2]      ; 5.940 ; 5.940 ; 5.940 ; 5.940 ;
; b[1]       ; d_1[3]      ; 5.843 ; 5.843 ; 5.843 ; 5.843 ;
; b[1]       ; d_1[6]      ; 5.872 ; 5.872 ; 5.872 ; 5.872 ;
; b[1]       ; ov          ; 5.695 ; 5.695 ; 5.695 ; 5.695 ;
; b[2]       ; d_0[0]      ; 5.607 ; 5.607 ; 5.607 ; 5.607 ;
; b[2]       ; d_0[1]      ; 5.703 ; 5.703 ; 5.703 ; 5.703 ;
; b[2]       ; d_0[2]      ; 5.716 ; 5.716 ; 5.716 ; 5.716 ;
; b[2]       ; d_0[3]      ; 5.615 ; 5.615 ; 5.615 ; 5.615 ;
; b[2]       ; d_0[4]      ; 5.611 ; 5.611 ; 5.611 ; 5.611 ;
; b[2]       ; d_0[5]      ; 5.738 ; 5.738 ; 5.738 ; 5.738 ;
; b[2]       ; d_0[6]      ; 5.712 ; 5.712 ; 5.712 ; 5.712 ;
; b[2]       ; d_1[1]      ; 5.861 ; 5.861 ; 5.861 ; 5.861 ;
; b[2]       ; d_1[2]      ; 5.981 ; 5.981 ; 5.981 ; 5.981 ;
; b[2]       ; d_1[3]      ; 5.884 ; 5.884 ; 5.884 ; 5.884 ;
; b[2]       ; d_1[6]      ; 5.913 ; 5.913 ; 5.913 ; 5.913 ;
; b[2]       ; ov          ; 5.736 ; 5.736 ; 5.736 ; 5.736 ;
; b[3]       ; d_0[0]      ; 5.415 ; 5.415 ; 5.415 ; 5.415 ;
; b[3]       ; d_0[1]      ; 5.511 ; 5.511 ; 5.511 ; 5.511 ;
; b[3]       ; d_0[2]      ; 5.524 ; 5.524 ; 5.524 ; 5.524 ;
; b[3]       ; d_0[3]      ; 5.423 ; 5.423 ; 5.423 ; 5.423 ;
; b[3]       ; d_0[4]      ; 5.419 ; 5.419 ; 5.419 ; 5.419 ;
; b[3]       ; d_0[5]      ; 5.546 ; 5.546 ; 5.546 ; 5.546 ;
; b[3]       ; d_0[6]      ; 5.520 ; 5.520 ; 5.520 ; 5.520 ;
; b[3]       ; d_1[1]      ; 5.672 ; 5.672 ; 5.672 ; 5.672 ;
; b[3]       ; d_1[2]      ; 5.792 ; 5.792 ; 5.792 ; 5.792 ;
; b[3]       ; d_1[3]      ; 5.695 ; 5.695 ; 5.695 ; 5.695 ;
; b[3]       ; d_1[6]      ; 5.724 ; 5.724 ; 5.724 ; 5.724 ;
; b[3]       ; ov          ; 5.547 ; 5.547 ; 5.547 ; 5.547 ;
; b[4]       ; d_1[1]      ; 5.103 ; 5.103 ; 5.103 ; 5.103 ;
; b[4]       ; d_1[2]      ; 5.223 ; 5.223 ; 5.223 ; 5.223 ;
; b[4]       ; d_1[3]      ; 5.126 ; 5.126 ; 5.126 ; 5.126 ;
; b[4]       ; d_1[6]      ; 5.155 ; 5.155 ; 5.155 ; 5.155 ;
; b[4]       ; ov          ; 4.978 ; 4.978 ; 4.978 ; 4.978 ;
; sr         ; d_0[0]      ; 6.014 ; 6.014 ; 6.014 ; 6.014 ;
; sr         ; d_0[1]      ; 6.110 ; 6.110 ; 6.110 ; 6.110 ;
; sr         ; d_0[2]      ; 6.123 ; 6.123 ; 6.123 ; 6.123 ;
; sr         ; d_0[3]      ; 6.022 ; 6.022 ; 6.022 ; 6.022 ;
; sr         ; d_0[4]      ; 6.018 ; 6.018 ; 6.018 ; 6.018 ;
; sr         ; d_0[5]      ; 6.145 ; 6.145 ; 6.145 ; 6.145 ;
; sr         ; d_0[6]      ; 6.119 ; 6.119 ; 6.119 ; 6.119 ;
; sr         ; d_1[1]      ; 6.268 ; 6.268 ; 6.268 ; 6.268 ;
; sr         ; d_1[2]      ; 6.388 ; 6.388 ; 6.388 ; 6.388 ;
; sr         ; d_1[3]      ; 6.291 ; 6.291 ; 6.291 ; 6.291 ;
; sr         ; d_1[6]      ; 6.320 ; 6.320 ; 6.320 ; 6.320 ;
; sr         ; ov          ; 6.143 ; 6.143 ; 6.143 ; 6.143 ;
+------------+-------------+-------+-------+-------+-------+


+----------------------------------------------------------+
; Minimum Propagation Delay                                ;
+------------+-------------+-------+-------+-------+-------+
; Input Port ; Output Port ; RR    ; RF    ; FR    ; FF    ;
+------------+-------------+-------+-------+-------+-------+
; a[0]       ; d_0[0]      ; 5.252 ; 5.252 ; 5.252 ; 5.252 ;
; a[0]       ; d_0[1]      ; 5.348 ; 5.348 ; 5.348 ; 5.348 ;
; a[0]       ; d_0[2]      ; 5.358 ; 5.358 ; 5.358 ; 5.358 ;
; a[0]       ; d_0[3]      ; 5.253 ; 5.253 ; 5.253 ; 5.253 ;
; a[0]       ; d_0[4]      ; 5.250 ; 5.250 ; 5.250 ; 5.250 ;
; a[0]       ; d_0[5]      ; 5.374 ; 5.374 ; 5.374 ; 5.374 ;
; a[0]       ; d_0[6]      ; 5.356 ; 5.356 ; 5.356 ; 5.356 ;
; a[0]       ; d_1[1]      ; 6.094 ; 6.094 ; 6.094 ; 6.094 ;
; a[0]       ; d_1[2]      ; 6.214 ; 6.214 ; 6.214 ; 6.214 ;
; a[0]       ; d_1[3]      ; 6.117 ; 6.117 ; 6.117 ; 6.117 ;
; a[0]       ; d_1[6]      ; 6.146 ; 6.146 ; 6.146 ; 6.146 ;
; a[0]       ; ov          ; 5.969 ; 5.969 ; 5.969 ; 5.969 ;
; a[1]       ; d_0[0]      ; 5.267 ; 5.267 ; 5.267 ; 5.267 ;
; a[1]       ; d_0[1]      ; 5.363 ; 5.363 ; 5.363 ; 5.363 ;
; a[1]       ; d_0[2]      ; 5.369 ; 5.369 ; 5.369 ; 5.369 ;
; a[1]       ; d_0[3]      ; 5.264 ; 5.264 ; 5.264 ; 5.264 ;
; a[1]       ; d_0[4]      ; 5.267 ; 5.267 ; 5.267 ; 5.267 ;
; a[1]       ; d_0[5]      ; 5.383 ; 5.383 ; 5.383 ; 5.383 ;
; a[1]       ; d_0[6]      ; 5.371 ; 5.371 ; 5.371 ; 5.371 ;
; a[1]       ; d_1[1]      ; 5.732 ; 5.732 ; 5.732 ; 5.732 ;
; a[1]       ; d_1[2]      ; 5.852 ; 5.852 ; 5.852 ; 5.852 ;
; a[1]       ; d_1[3]      ; 5.755 ; 5.755 ; 5.755 ; 5.755 ;
; a[1]       ; d_1[6]      ; 5.784 ; 5.784 ; 5.784 ; 5.784 ;
; a[1]       ; ov          ; 5.607 ; 5.607 ; 5.607 ; 5.607 ;
; a[2]       ; d_0[0]      ; 5.524 ; 5.524 ; 5.524 ; 5.524 ;
; a[2]       ; d_0[1]      ; 5.620 ; 5.620 ; 5.620 ; 5.620 ;
; a[2]       ; d_0[2]      ; 5.626 ; 5.626 ; 5.626 ; 5.626 ;
; a[2]       ; d_0[3]      ; 5.521 ; 5.521 ; 5.521 ; 5.521 ;
; a[2]       ; d_0[4]      ; 5.524 ; 5.524 ; 5.524 ; 5.524 ;
; a[2]       ; d_0[5]      ; 5.640 ; 5.640 ; 5.640 ; 5.640 ;
; a[2]       ; d_0[6]      ; 5.628 ; 5.628 ; 5.628 ; 5.628 ;
; a[2]       ; d_1[1]      ; 5.930 ; 5.930 ; 5.930 ; 5.930 ;
; a[2]       ; d_1[2]      ; 6.050 ; 6.050 ; 6.050 ; 6.050 ;
; a[2]       ; d_1[3]      ; 5.953 ; 5.953 ; 5.953 ; 5.953 ;
; a[2]       ; d_1[6]      ; 5.982 ; 5.982 ; 5.982 ; 5.982 ;
; a[2]       ; ov          ; 5.805 ; 5.805 ; 5.805 ; 5.805 ;
; a[3]       ; d_0[0]      ; 5.427 ; 5.427 ; 5.427 ; 5.427 ;
; a[3]       ; d_0[1]      ; 5.523 ; 5.523 ; 5.523 ; 5.523 ;
; a[3]       ; d_0[2]      ; 5.536 ; 5.536 ; 5.536 ; 5.536 ;
; a[3]       ; d_0[3]      ; 5.435 ; 5.435 ; 5.435 ; 5.435 ;
; a[3]       ; d_0[4]      ; 5.431 ; 5.431 ; 5.431 ; 5.431 ;
; a[3]       ; d_0[5]      ; 5.558 ; 5.558 ; 5.558 ; 5.558 ;
; a[3]       ; d_0[6]      ; 5.532 ; 5.532 ; 5.532 ; 5.532 ;
; a[3]       ; d_1[1]      ; 5.683 ; 5.683 ; 5.683 ; 5.683 ;
; a[3]       ; d_1[2]      ; 5.803 ; 5.803 ; 5.803 ; 5.803 ;
; a[3]       ; d_1[3]      ; 5.706 ; 5.706 ; 5.706 ; 5.706 ;
; a[3]       ; d_1[6]      ; 5.735 ; 5.735 ; 5.735 ; 5.735 ;
; a[3]       ; ov          ; 5.558 ; 5.558 ; 5.558 ; 5.558 ;
; a[4]       ; d_1[1]      ; 5.239 ; 5.239 ; 5.239 ; 5.239 ;
; a[4]       ; d_1[2]      ; 5.359 ; 5.359 ; 5.359 ; 5.359 ;
; a[4]       ; d_1[3]      ; 5.262 ; 5.262 ; 5.262 ; 5.262 ;
; a[4]       ; d_1[6]      ; 5.291 ; 5.291 ; 5.291 ; 5.291 ;
; a[4]       ; ov          ; 5.114 ; 5.114 ; 5.114 ; 5.114 ;
; b[0]       ; d_0[0]      ; 5.541 ; 5.541 ; 5.541 ; 5.541 ;
; b[0]       ; d_0[1]      ; 5.637 ; 5.637 ; 5.637 ; 5.637 ;
; b[0]       ; d_0[2]      ; 5.647 ; 5.647 ; 5.647 ; 5.647 ;
; b[0]       ; d_0[3]      ; 5.542 ; 5.542 ; 5.542 ; 5.542 ;
; b[0]       ; d_0[4]      ; 5.539 ; 5.539 ; 5.539 ; 5.539 ;
; b[0]       ; d_0[5]      ; 5.663 ; 5.663 ; 5.663 ; 5.663 ;
; b[0]       ; d_0[6]      ; 5.645 ; 5.645 ; 5.645 ; 5.645 ;
; b[0]       ; d_1[1]      ; 6.383 ; 6.383 ; 6.383 ; 6.383 ;
; b[0]       ; d_1[2]      ; 6.503 ; 6.503 ; 6.503 ; 6.503 ;
; b[0]       ; d_1[3]      ; 6.406 ; 6.406 ; 6.406 ; 6.406 ;
; b[0]       ; d_1[6]      ; 6.435 ; 6.435 ; 6.435 ; 6.435 ;
; b[0]       ; ov          ; 6.258 ; 6.258 ; 6.258 ; 6.258 ;
; b[1]       ; d_0[0]      ; 5.433 ; 5.433 ; 5.433 ; 5.433 ;
; b[1]       ; d_0[1]      ; 5.529 ; 5.529 ; 5.529 ; 5.529 ;
; b[1]       ; d_0[2]      ; 5.536 ; 5.536 ; 5.536 ; 5.536 ;
; b[1]       ; d_0[3]      ; 5.431 ; 5.431 ; 5.431 ; 5.431 ;
; b[1]       ; d_0[4]      ; 5.436 ; 5.436 ; 5.436 ; 5.436 ;
; b[1]       ; d_0[5]      ; 5.551 ; 5.551 ; 5.551 ; 5.551 ;
; b[1]       ; d_0[6]      ; 5.537 ; 5.537 ; 5.537 ; 5.537 ;
; b[1]       ; d_1[1]      ; 5.820 ; 5.820 ; 5.820 ; 5.820 ;
; b[1]       ; d_1[2]      ; 5.940 ; 5.940 ; 5.940 ; 5.940 ;
; b[1]       ; d_1[3]      ; 5.843 ; 5.843 ; 5.843 ; 5.843 ;
; b[1]       ; d_1[6]      ; 5.872 ; 5.872 ; 5.872 ; 5.872 ;
; b[1]       ; ov          ; 5.695 ; 5.695 ; 5.695 ; 5.695 ;
; b[2]       ; d_0[0]      ; 5.391 ; 5.391 ; 5.391 ; 5.391 ;
; b[2]       ; d_0[1]      ; 5.487 ; 5.487 ; 5.487 ; 5.487 ;
; b[2]       ; d_0[2]      ; 5.493 ; 5.493 ; 5.493 ; 5.493 ;
; b[2]       ; d_0[3]      ; 5.388 ; 5.388 ; 5.388 ; 5.388 ;
; b[2]       ; d_0[4]      ; 5.391 ; 5.391 ; 5.391 ; 5.391 ;
; b[2]       ; d_0[5]      ; 5.507 ; 5.507 ; 5.507 ; 5.507 ;
; b[2]       ; d_0[6]      ; 5.495 ; 5.495 ; 5.495 ; 5.495 ;
; b[2]       ; d_1[1]      ; 5.765 ; 5.765 ; 5.765 ; 5.765 ;
; b[2]       ; d_1[2]      ; 5.885 ; 5.885 ; 5.885 ; 5.885 ;
; b[2]       ; d_1[3]      ; 5.788 ; 5.788 ; 5.788 ; 5.788 ;
; b[2]       ; d_1[6]      ; 5.817 ; 5.817 ; 5.817 ; 5.817 ;
; b[2]       ; ov          ; 5.640 ; 5.640 ; 5.640 ; 5.640 ;
; b[3]       ; d_0[0]      ; 5.415 ; 5.415 ; 5.415 ; 5.415 ;
; b[3]       ; d_0[1]      ; 5.511 ; 5.511 ; 5.511 ; 5.511 ;
; b[3]       ; d_0[2]      ; 5.524 ; 5.524 ; 5.524 ; 5.524 ;
; b[3]       ; d_0[3]      ; 5.423 ; 5.423 ; 5.423 ; 5.423 ;
; b[3]       ; d_0[4]      ; 5.419 ; 5.419 ; 5.419 ; 5.419 ;
; b[3]       ; d_0[5]      ; 5.546 ; 5.546 ; 5.546 ; 5.546 ;
; b[3]       ; d_0[6]      ; 5.520 ; 5.520 ; 5.520 ; 5.520 ;
; b[3]       ; d_1[1]      ; 5.672 ; 5.672 ; 5.672 ; 5.672 ;
; b[3]       ; d_1[2]      ; 5.792 ; 5.792 ; 5.792 ; 5.792 ;
; b[3]       ; d_1[3]      ; 5.695 ; 5.695 ; 5.695 ; 5.695 ;
; b[3]       ; d_1[6]      ; 5.724 ; 5.724 ; 5.724 ; 5.724 ;
; b[3]       ; ov          ; 5.547 ; 5.547 ; 5.547 ; 5.547 ;
; b[4]       ; d_1[1]      ; 5.103 ; 5.103 ; 5.103 ; 5.103 ;
; b[4]       ; d_1[2]      ; 5.223 ; 5.223 ; 5.223 ; 5.223 ;
; b[4]       ; d_1[3]      ; 5.126 ; 5.126 ; 5.126 ; 5.126 ;
; b[4]       ; d_1[6]      ; 5.155 ; 5.155 ; 5.155 ; 5.155 ;
; b[4]       ; ov          ; 4.978 ; 4.978 ; 4.978 ; 4.978 ;
; sr         ; d_0[0]      ; 5.427 ; 5.427 ; 5.427 ; 5.427 ;
; sr         ; d_0[1]      ; 5.523 ; 5.523 ; 5.523 ; 5.523 ;
; sr         ; d_0[2]      ; 5.533 ; 5.533 ; 5.533 ; 5.533 ;
; sr         ; d_0[3]      ; 5.428 ; 5.428 ; 5.428 ; 5.428 ;
; sr         ; d_0[4]      ; 5.425 ; 5.425 ; 5.425 ; 5.425 ;
; sr         ; d_0[5]      ; 5.549 ; 5.549 ; 5.549 ; 5.549 ;
; sr         ; d_0[6]      ; 5.531 ; 5.531 ; 5.531 ; 5.531 ;
; sr         ; d_1[1]      ; 6.268 ; 6.268 ; 6.268 ; 6.268 ;
; sr         ; d_1[2]      ; 6.388 ; 6.388 ; 6.388 ; 6.388 ;
; sr         ; d_1[3]      ; 6.291 ; 6.291 ; 6.291 ; 6.291 ;
; sr         ; d_1[6]      ; 6.320 ; 6.320 ; 6.320 ; 6.320 ;
; sr         ; ov          ; 6.143 ; 6.143 ; 6.143 ; 6.143 ;
+------------+-------------+-------+-------+-------+-------+


+----------------------------------------------------------------------------+
; Multicorner Timing Analysis Summary                                        ;
+------------------+-------+------+----------+---------+---------------------+
; Clock            ; Setup ; Hold ; Recovery ; Removal ; Minimum Pulse Width ;
+------------------+-------+------+----------+---------+---------------------+
; Worst-case Slack ; N/A   ; N/A  ; N/A      ; N/A     ; N/A                 ;
; Design-wide TNS  ; 0.0   ; 0.0  ; 0.0      ; 0.0     ; 0.0                 ;
+------------------+-------+------+----------+---------+---------------------+


+--------------------------------------------------------------+
; Progagation Delay                                            ;
+------------+-------------+--------+--------+--------+--------+
; Input Port ; Output Port ; RR     ; RF     ; FR     ; FF     ;
+------------+-------------+--------+--------+--------+--------+
; a[0]       ; d_0[0]      ; 11.995 ; 11.995 ; 11.995 ; 11.995 ;
; a[0]       ; d_0[1]      ; 12.268 ; 12.268 ; 12.268 ; 12.268 ;
; a[0]       ; d_0[2]      ; 12.270 ; 12.270 ; 12.270 ; 12.270 ;
; a[0]       ; d_0[3]      ; 12.002 ; 12.002 ; 12.002 ; 12.002 ;
; a[0]       ; d_0[4]      ; 11.993 ; 11.993 ; 11.993 ; 11.993 ;
; a[0]       ; d_0[5]      ; 12.341 ; 12.341 ; 12.341 ; 12.341 ;
; a[0]       ; d_0[6]      ; 12.277 ; 12.277 ; 12.277 ; 12.277 ;
; a[0]       ; d_1[1]      ; 12.686 ; 12.686 ; 12.686 ; 12.686 ;
; a[0]       ; d_1[2]      ; 12.777 ; 12.777 ; 12.777 ; 12.777 ;
; a[0]       ; d_1[3]      ; 12.541 ; 12.541 ; 12.541 ; 12.541 ;
; a[0]       ; d_1[6]      ; 12.739 ; 12.739 ; 12.739 ; 12.739 ;
; a[0]       ; ov          ; 12.340 ; 12.340 ; 12.340 ; 12.340 ;
; a[1]       ; d_0[0]      ; 10.933 ; 10.933 ; 10.933 ; 10.933 ;
; a[1]       ; d_0[1]      ; 11.206 ; 11.206 ; 11.206 ; 11.206 ;
; a[1]       ; d_0[2]      ; 11.208 ; 11.208 ; 11.208 ; 11.208 ;
; a[1]       ; d_0[3]      ; 10.940 ; 10.940 ; 10.940 ; 10.940 ;
; a[1]       ; d_0[4]      ; 10.931 ; 10.931 ; 10.931 ; 10.931 ;
; a[1]       ; d_0[5]      ; 11.279 ; 11.279 ; 11.279 ; 11.279 ;
; a[1]       ; d_0[6]      ; 11.215 ; 11.215 ; 11.215 ; 11.215 ;
; a[1]       ; d_1[1]      ; 11.624 ; 11.624 ; 11.624 ; 11.624 ;
; a[1]       ; d_1[2]      ; 11.715 ; 11.715 ; 11.715 ; 11.715 ;
; a[1]       ; d_1[3]      ; 11.479 ; 11.479 ; 11.479 ; 11.479 ;
; a[1]       ; d_1[6]      ; 11.677 ; 11.677 ; 11.677 ; 11.677 ;
; a[1]       ; ov          ; 11.278 ; 11.278 ; 11.278 ; 11.278 ;
; a[2]       ; d_0[0]      ; 11.590 ; 11.590 ; 11.590 ; 11.590 ;
; a[2]       ; d_0[1]      ; 11.863 ; 11.863 ; 11.863 ; 11.863 ;
; a[2]       ; d_0[2]      ; 11.865 ; 11.865 ; 11.865 ; 11.865 ;
; a[2]       ; d_0[3]      ; 11.597 ; 11.597 ; 11.597 ; 11.597 ;
; a[2]       ; d_0[4]      ; 11.588 ; 11.588 ; 11.588 ; 11.588 ;
; a[2]       ; d_0[5]      ; 11.936 ; 11.936 ; 11.936 ; 11.936 ;
; a[2]       ; d_0[6]      ; 11.872 ; 11.872 ; 11.872 ; 11.872 ;
; a[2]       ; d_1[1]      ; 12.281 ; 12.281 ; 12.281 ; 12.281 ;
; a[2]       ; d_1[2]      ; 12.372 ; 12.372 ; 12.372 ; 12.372 ;
; a[2]       ; d_1[3]      ; 12.136 ; 12.136 ; 12.136 ; 12.136 ;
; a[2]       ; d_1[6]      ; 12.334 ; 12.334 ; 12.334 ; 12.334 ;
; a[2]       ; ov          ; 11.935 ; 11.935 ; 11.935 ; 11.935 ;
; a[3]       ; d_0[0]      ; 10.837 ; 10.837 ; 10.837 ; 10.837 ;
; a[3]       ; d_0[1]      ; 11.110 ; 11.110 ; 11.110 ; 11.110 ;
; a[3]       ; d_0[2]      ; 11.112 ; 11.112 ; 11.112 ; 11.112 ;
; a[3]       ; d_0[3]      ; 10.844 ; 10.844 ; 10.844 ; 10.844 ;
; a[3]       ; d_0[4]      ; 10.835 ; 10.835 ; 10.835 ; 10.835 ;
; a[3]       ; d_0[5]      ; 11.183 ; 11.183 ; 11.183 ; 11.183 ;
; a[3]       ; d_0[6]      ; 11.119 ; 11.119 ; 11.119 ; 11.119 ;
; a[3]       ; d_1[1]      ; 11.529 ; 11.529 ; 11.529 ; 11.529 ;
; a[3]       ; d_1[2]      ; 11.620 ; 11.620 ; 11.620 ; 11.620 ;
; a[3]       ; d_1[3]      ; 11.384 ; 11.384 ; 11.384 ; 11.384 ;
; a[3]       ; d_1[6]      ; 11.582 ; 11.582 ; 11.582 ; 11.582 ;
; a[3]       ; ov          ; 11.183 ; 11.183 ; 11.183 ; 11.183 ;
; a[4]       ; d_1[1]      ; 10.339 ; 10.339 ; 10.339 ; 10.339 ;
; a[4]       ; d_1[2]      ; 10.430 ; 10.430 ; 10.430 ; 10.430 ;
; a[4]       ; d_1[3]      ; 10.194 ; 10.194 ; 10.194 ; 10.194 ;
; a[4]       ; d_1[6]      ; 10.392 ; 10.392 ; 10.392 ; 10.392 ;
; a[4]       ; ov          ; 9.993  ; 9.993  ; 9.993  ; 9.993  ;
; b[0]       ; d_0[0]      ; 12.751 ; 12.751 ; 12.751 ; 12.751 ;
; b[0]       ; d_0[1]      ; 13.024 ; 13.024 ; 13.024 ; 13.024 ;
; b[0]       ; d_0[2]      ; 13.026 ; 13.026 ; 13.026 ; 13.026 ;
; b[0]       ; d_0[3]      ; 12.758 ; 12.758 ; 12.758 ; 12.758 ;
; b[0]       ; d_0[4]      ; 12.749 ; 12.749 ; 12.749 ; 12.749 ;
; b[0]       ; d_0[5]      ; 13.097 ; 13.097 ; 13.097 ; 13.097 ;
; b[0]       ; d_0[6]      ; 13.033 ; 13.033 ; 13.033 ; 13.033 ;
; b[0]       ; d_1[1]      ; 13.442 ; 13.442 ; 13.442 ; 13.442 ;
; b[0]       ; d_1[2]      ; 13.533 ; 13.533 ; 13.533 ; 13.533 ;
; b[0]       ; d_1[3]      ; 13.297 ; 13.297 ; 13.297 ; 13.297 ;
; b[0]       ; d_1[6]      ; 13.495 ; 13.495 ; 13.495 ; 13.495 ;
; b[0]       ; ov          ; 13.096 ; 13.096 ; 13.096 ; 13.096 ;
; b[1]       ; d_0[0]      ; 11.147 ; 11.147 ; 11.147 ; 11.147 ;
; b[1]       ; d_0[1]      ; 11.420 ; 11.420 ; 11.420 ; 11.420 ;
; b[1]       ; d_0[2]      ; 11.422 ; 11.422 ; 11.422 ; 11.422 ;
; b[1]       ; d_0[3]      ; 11.154 ; 11.154 ; 11.154 ; 11.154 ;
; b[1]       ; d_0[4]      ; 11.145 ; 11.145 ; 11.145 ; 11.145 ;
; b[1]       ; d_0[5]      ; 11.493 ; 11.493 ; 11.493 ; 11.493 ;
; b[1]       ; d_0[6]      ; 11.429 ; 11.429 ; 11.429 ; 11.429 ;
; b[1]       ; d_1[1]      ; 11.838 ; 11.838 ; 11.838 ; 11.838 ;
; b[1]       ; d_1[2]      ; 11.929 ; 11.929 ; 11.929 ; 11.929 ;
; b[1]       ; d_1[3]      ; 11.693 ; 11.693 ; 11.693 ; 11.693 ;
; b[1]       ; d_1[6]      ; 11.891 ; 11.891 ; 11.891 ; 11.891 ;
; b[1]       ; ov          ; 11.492 ; 11.492 ; 11.492 ; 11.492 ;
; b[2]       ; d_0[0]      ; 11.358 ; 11.358 ; 11.358 ; 11.358 ;
; b[2]       ; d_0[1]      ; 11.631 ; 11.631 ; 11.631 ; 11.631 ;
; b[2]       ; d_0[2]      ; 11.633 ; 11.633 ; 11.633 ; 11.633 ;
; b[2]       ; d_0[3]      ; 11.365 ; 11.365 ; 11.365 ; 11.365 ;
; b[2]       ; d_0[4]      ; 11.356 ; 11.356 ; 11.356 ; 11.356 ;
; b[2]       ; d_0[5]      ; 11.704 ; 11.704 ; 11.704 ; 11.704 ;
; b[2]       ; d_0[6]      ; 11.640 ; 11.640 ; 11.640 ; 11.640 ;
; b[2]       ; d_1[1]      ; 12.049 ; 12.049 ; 12.049 ; 12.049 ;
; b[2]       ; d_1[2]      ; 12.140 ; 12.140 ; 12.140 ; 12.140 ;
; b[2]       ; d_1[3]      ; 11.904 ; 11.904 ; 11.904 ; 11.904 ;
; b[2]       ; d_1[6]      ; 12.102 ; 12.102 ; 12.102 ; 12.102 ;
; b[2]       ; ov          ; 11.703 ; 11.703 ; 11.703 ; 11.703 ;
; b[3]       ; d_0[0]      ; 10.808 ; 10.808 ; 10.808 ; 10.808 ;
; b[3]       ; d_0[1]      ; 11.081 ; 11.081 ; 11.081 ; 11.081 ;
; b[3]       ; d_0[2]      ; 11.083 ; 11.083 ; 11.083 ; 11.083 ;
; b[3]       ; d_0[3]      ; 10.815 ; 10.815 ; 10.815 ; 10.815 ;
; b[3]       ; d_0[4]      ; 10.806 ; 10.806 ; 10.806 ; 10.806 ;
; b[3]       ; d_0[5]      ; 11.154 ; 11.154 ; 11.154 ; 11.154 ;
; b[3]       ; d_0[6]      ; 11.090 ; 11.090 ; 11.090 ; 11.090 ;
; b[3]       ; d_1[1]      ; 11.498 ; 11.498 ; 11.498 ; 11.498 ;
; b[3]       ; d_1[2]      ; 11.589 ; 11.589 ; 11.589 ; 11.589 ;
; b[3]       ; d_1[3]      ; 11.353 ; 11.353 ; 11.353 ; 11.353 ;
; b[3]       ; d_1[6]      ; 11.551 ; 11.551 ; 11.551 ; 11.551 ;
; b[3]       ; ov          ; 11.152 ; 11.152 ; 11.152 ; 11.152 ;
; b[4]       ; d_1[1]      ; 9.929  ; 9.929  ; 9.929  ; 9.929  ;
; b[4]       ; d_1[2]      ; 10.020 ; 10.020 ; 10.020 ; 10.020 ;
; b[4]       ; d_1[3]      ; 9.784  ; 9.784  ; 9.784  ; 9.784  ;
; b[4]       ; d_1[6]      ; 9.982  ; 9.982  ; 9.982  ; 9.982  ;
; b[4]       ; ov          ; 9.581  ; 9.581  ; 9.581  ; 9.581  ;
; sr         ; d_0[0]      ; 12.469 ; 12.469 ; 12.469 ; 12.469 ;
; sr         ; d_0[1]      ; 12.742 ; 12.742 ; 12.742 ; 12.742 ;
; sr         ; d_0[2]      ; 12.744 ; 12.744 ; 12.744 ; 12.744 ;
; sr         ; d_0[3]      ; 12.476 ; 12.476 ; 12.476 ; 12.476 ;
; sr         ; d_0[4]      ; 12.467 ; 12.467 ; 12.467 ; 12.467 ;
; sr         ; d_0[5]      ; 12.815 ; 12.815 ; 12.815 ; 12.815 ;
; sr         ; d_0[6]      ; 12.751 ; 12.751 ; 12.751 ; 12.751 ;
; sr         ; d_1[1]      ; 13.160 ; 13.160 ; 13.160 ; 13.160 ;
; sr         ; d_1[2]      ; 13.251 ; 13.251 ; 13.251 ; 13.251 ;
; sr         ; d_1[3]      ; 13.015 ; 13.015 ; 13.015 ; 13.015 ;
; sr         ; d_1[6]      ; 13.213 ; 13.213 ; 13.213 ; 13.213 ;
; sr         ; ov          ; 12.814 ; 12.814 ; 12.814 ; 12.814 ;
+------------+-------------+--------+--------+--------+--------+


+----------------------------------------------------------+
; Minimum Progagation Delay                                ;
+------------+-------------+-------+-------+-------+-------+
; Input Port ; Output Port ; RR    ; RF    ; FR    ; FF    ;
+------------+-------------+-------+-------+-------+-------+
; a[0]       ; d_0[0]      ; 5.252 ; 5.252 ; 5.252 ; 5.252 ;
; a[0]       ; d_0[1]      ; 5.348 ; 5.348 ; 5.348 ; 5.348 ;
; a[0]       ; d_0[2]      ; 5.358 ; 5.358 ; 5.358 ; 5.358 ;
; a[0]       ; d_0[3]      ; 5.253 ; 5.253 ; 5.253 ; 5.253 ;
; a[0]       ; d_0[4]      ; 5.250 ; 5.250 ; 5.250 ; 5.250 ;
; a[0]       ; d_0[5]      ; 5.374 ; 5.374 ; 5.374 ; 5.374 ;
; a[0]       ; d_0[6]      ; 5.356 ; 5.356 ; 5.356 ; 5.356 ;
; a[0]       ; d_1[1]      ; 6.094 ; 6.094 ; 6.094 ; 6.094 ;
; a[0]       ; d_1[2]      ; 6.214 ; 6.214 ; 6.214 ; 6.214 ;
; a[0]       ; d_1[3]      ; 6.117 ; 6.117 ; 6.117 ; 6.117 ;
; a[0]       ; d_1[6]      ; 6.146 ; 6.146 ; 6.146 ; 6.146 ;
; a[0]       ; ov          ; 5.969 ; 5.969 ; 5.969 ; 5.969 ;
; a[1]       ; d_0[0]      ; 5.267 ; 5.267 ; 5.267 ; 5.267 ;
; a[1]       ; d_0[1]      ; 5.363 ; 5.363 ; 5.363 ; 5.363 ;
; a[1]       ; d_0[2]      ; 5.369 ; 5.369 ; 5.369 ; 5.369 ;
; a[1]       ; d_0[3]      ; 5.264 ; 5.264 ; 5.264 ; 5.264 ;
; a[1]       ; d_0[4]      ; 5.267 ; 5.267 ; 5.267 ; 5.267 ;
; a[1]       ; d_0[5]      ; 5.383 ; 5.383 ; 5.383 ; 5.383 ;
; a[1]       ; d_0[6]      ; 5.371 ; 5.371 ; 5.371 ; 5.371 ;
; a[1]       ; d_1[1]      ; 5.732 ; 5.732 ; 5.732 ; 5.732 ;
; a[1]       ; d_1[2]      ; 5.852 ; 5.852 ; 5.852 ; 5.852 ;
; a[1]       ; d_1[3]      ; 5.755 ; 5.755 ; 5.755 ; 5.755 ;
; a[1]       ; d_1[6]      ; 5.784 ; 5.784 ; 5.784 ; 5.784 ;
; a[1]       ; ov          ; 5.607 ; 5.607 ; 5.607 ; 5.607 ;
; a[2]       ; d_0[0]      ; 5.524 ; 5.524 ; 5.524 ; 5.524 ;
; a[2]       ; d_0[1]      ; 5.620 ; 5.620 ; 5.620 ; 5.620 ;
; a[2]       ; d_0[2]      ; 5.626 ; 5.626 ; 5.626 ; 5.626 ;
; a[2]       ; d_0[3]      ; 5.521 ; 5.521 ; 5.521 ; 5.521 ;
; a[2]       ; d_0[4]      ; 5.524 ; 5.524 ; 5.524 ; 5.524 ;
; a[2]       ; d_0[5]      ; 5.640 ; 5.640 ; 5.640 ; 5.640 ;
; a[2]       ; d_0[6]      ; 5.628 ; 5.628 ; 5.628 ; 5.628 ;
; a[2]       ; d_1[1]      ; 5.930 ; 5.930 ; 5.930 ; 5.930 ;
; a[2]       ; d_1[2]      ; 6.050 ; 6.050 ; 6.050 ; 6.050 ;
; a[2]       ; d_1[3]      ; 5.953 ; 5.953 ; 5.953 ; 5.953 ;
; a[2]       ; d_1[6]      ; 5.982 ; 5.982 ; 5.982 ; 5.982 ;
; a[2]       ; ov          ; 5.805 ; 5.805 ; 5.805 ; 5.805 ;
; a[3]       ; d_0[0]      ; 5.427 ; 5.427 ; 5.427 ; 5.427 ;
; a[3]       ; d_0[1]      ; 5.523 ; 5.523 ; 5.523 ; 5.523 ;
; a[3]       ; d_0[2]      ; 5.536 ; 5.536 ; 5.536 ; 5.536 ;
; a[3]       ; d_0[3]      ; 5.435 ; 5.435 ; 5.435 ; 5.435 ;
; a[3]       ; d_0[4]      ; 5.431 ; 5.431 ; 5.431 ; 5.431 ;
; a[3]       ; d_0[5]      ; 5.558 ; 5.558 ; 5.558 ; 5.558 ;
; a[3]       ; d_0[6]      ; 5.532 ; 5.532 ; 5.532 ; 5.532 ;
; a[3]       ; d_1[1]      ; 5.683 ; 5.683 ; 5.683 ; 5.683 ;
; a[3]       ; d_1[2]      ; 5.803 ; 5.803 ; 5.803 ; 5.803 ;
; a[3]       ; d_1[3]      ; 5.706 ; 5.706 ; 5.706 ; 5.706 ;
; a[3]       ; d_1[6]      ; 5.735 ; 5.735 ; 5.735 ; 5.735 ;
; a[3]       ; ov          ; 5.558 ; 5.558 ; 5.558 ; 5.558 ;
; a[4]       ; d_1[1]      ; 5.239 ; 5.239 ; 5.239 ; 5.239 ;
; a[4]       ; d_1[2]      ; 5.359 ; 5.359 ; 5.359 ; 5.359 ;
; a[4]       ; d_1[3]      ; 5.262 ; 5.262 ; 5.262 ; 5.262 ;
; a[4]       ; d_1[6]      ; 5.291 ; 5.291 ; 5.291 ; 5.291 ;
; a[4]       ; ov          ; 5.114 ; 5.114 ; 5.114 ; 5.114 ;
; b[0]       ; d_0[0]      ; 5.541 ; 5.541 ; 5.541 ; 5.541 ;
; b[0]       ; d_0[1]      ; 5.637 ; 5.637 ; 5.637 ; 5.637 ;
; b[0]       ; d_0[2]      ; 5.647 ; 5.647 ; 5.647 ; 5.647 ;
; b[0]       ; d_0[3]      ; 5.542 ; 5.542 ; 5.542 ; 5.542 ;
; b[0]       ; d_0[4]      ; 5.539 ; 5.539 ; 5.539 ; 5.539 ;
; b[0]       ; d_0[5]      ; 5.663 ; 5.663 ; 5.663 ; 5.663 ;
; b[0]       ; d_0[6]      ; 5.645 ; 5.645 ; 5.645 ; 5.645 ;
; b[0]       ; d_1[1]      ; 6.383 ; 6.383 ; 6.383 ; 6.383 ;
; b[0]       ; d_1[2]      ; 6.503 ; 6.503 ; 6.503 ; 6.503 ;
; b[0]       ; d_1[3]      ; 6.406 ; 6.406 ; 6.406 ; 6.406 ;
; b[0]       ; d_1[6]      ; 6.435 ; 6.435 ; 6.435 ; 6.435 ;
; b[0]       ; ov          ; 6.258 ; 6.258 ; 6.258 ; 6.258 ;
; b[1]       ; d_0[0]      ; 5.433 ; 5.433 ; 5.433 ; 5.433 ;
; b[1]       ; d_0[1]      ; 5.529 ; 5.529 ; 5.529 ; 5.529 ;
; b[1]       ; d_0[2]      ; 5.536 ; 5.536 ; 5.536 ; 5.536 ;
; b[1]       ; d_0[3]      ; 5.431 ; 5.431 ; 5.431 ; 5.431 ;
; b[1]       ; d_0[4]      ; 5.436 ; 5.436 ; 5.436 ; 5.436 ;
; b[1]       ; d_0[5]      ; 5.551 ; 5.551 ; 5.551 ; 5.551 ;
; b[1]       ; d_0[6]      ; 5.537 ; 5.537 ; 5.537 ; 5.537 ;
; b[1]       ; d_1[1]      ; 5.820 ; 5.820 ; 5.820 ; 5.820 ;
; b[1]       ; d_1[2]      ; 5.940 ; 5.940 ; 5.940 ; 5.940 ;
; b[1]       ; d_1[3]      ; 5.843 ; 5.843 ; 5.843 ; 5.843 ;
; b[1]       ; d_1[6]      ; 5.872 ; 5.872 ; 5.872 ; 5.872 ;
; b[1]       ; ov          ; 5.695 ; 5.695 ; 5.695 ; 5.695 ;
; b[2]       ; d_0[0]      ; 5.391 ; 5.391 ; 5.391 ; 5.391 ;
; b[2]       ; d_0[1]      ; 5.487 ; 5.487 ; 5.487 ; 5.487 ;
; b[2]       ; d_0[2]      ; 5.493 ; 5.493 ; 5.493 ; 5.493 ;
; b[2]       ; d_0[3]      ; 5.388 ; 5.388 ; 5.388 ; 5.388 ;
; b[2]       ; d_0[4]      ; 5.391 ; 5.391 ; 5.391 ; 5.391 ;
; b[2]       ; d_0[5]      ; 5.507 ; 5.507 ; 5.507 ; 5.507 ;
; b[2]       ; d_0[6]      ; 5.495 ; 5.495 ; 5.495 ; 5.495 ;
; b[2]       ; d_1[1]      ; 5.765 ; 5.765 ; 5.765 ; 5.765 ;
; b[2]       ; d_1[2]      ; 5.885 ; 5.885 ; 5.885 ; 5.885 ;
; b[2]       ; d_1[3]      ; 5.788 ; 5.788 ; 5.788 ; 5.788 ;
; b[2]       ; d_1[6]      ; 5.817 ; 5.817 ; 5.817 ; 5.817 ;
; b[2]       ; ov          ; 5.640 ; 5.640 ; 5.640 ; 5.640 ;
; b[3]       ; d_0[0]      ; 5.415 ; 5.415 ; 5.415 ; 5.415 ;
; b[3]       ; d_0[1]      ; 5.511 ; 5.511 ; 5.511 ; 5.511 ;
; b[3]       ; d_0[2]      ; 5.524 ; 5.524 ; 5.524 ; 5.524 ;
; b[3]       ; d_0[3]      ; 5.423 ; 5.423 ; 5.423 ; 5.423 ;
; b[3]       ; d_0[4]      ; 5.419 ; 5.419 ; 5.419 ; 5.419 ;
; b[3]       ; d_0[5]      ; 5.546 ; 5.546 ; 5.546 ; 5.546 ;
; b[3]       ; d_0[6]      ; 5.520 ; 5.520 ; 5.520 ; 5.520 ;
; b[3]       ; d_1[1]      ; 5.672 ; 5.672 ; 5.672 ; 5.672 ;
; b[3]       ; d_1[2]      ; 5.792 ; 5.792 ; 5.792 ; 5.792 ;
; b[3]       ; d_1[3]      ; 5.695 ; 5.695 ; 5.695 ; 5.695 ;
; b[3]       ; d_1[6]      ; 5.724 ; 5.724 ; 5.724 ; 5.724 ;
; b[3]       ; ov          ; 5.547 ; 5.547 ; 5.547 ; 5.547 ;
; b[4]       ; d_1[1]      ; 5.103 ; 5.103 ; 5.103 ; 5.103 ;
; b[4]       ; d_1[2]      ; 5.223 ; 5.223 ; 5.223 ; 5.223 ;
; b[4]       ; d_1[3]      ; 5.126 ; 5.126 ; 5.126 ; 5.126 ;
; b[4]       ; d_1[6]      ; 5.155 ; 5.155 ; 5.155 ; 5.155 ;
; b[4]       ; ov          ; 4.978 ; 4.978 ; 4.978 ; 4.978 ;
; sr         ; d_0[0]      ; 5.427 ; 5.427 ; 5.427 ; 5.427 ;
; sr         ; d_0[1]      ; 5.523 ; 5.523 ; 5.523 ; 5.523 ;
; sr         ; d_0[2]      ; 5.533 ; 5.533 ; 5.533 ; 5.533 ;
; sr         ; d_0[3]      ; 5.428 ; 5.428 ; 5.428 ; 5.428 ;
; sr         ; d_0[4]      ; 5.425 ; 5.425 ; 5.425 ; 5.425 ;
; sr         ; d_0[5]      ; 5.549 ; 5.549 ; 5.549 ; 5.549 ;
; sr         ; d_0[6]      ; 5.531 ; 5.531 ; 5.531 ; 5.531 ;
; sr         ; d_1[1]      ; 6.268 ; 6.268 ; 6.268 ; 6.268 ;
; sr         ; d_1[2]      ; 6.388 ; 6.388 ; 6.388 ; 6.388 ;
; sr         ; d_1[3]      ; 6.291 ; 6.291 ; 6.291 ; 6.291 ;
; sr         ; d_1[6]      ; 6.320 ; 6.320 ; 6.320 ; 6.320 ;
; sr         ; ov          ; 6.143 ; 6.143 ; 6.143 ; 6.143 ;
+------------+-------------+-------+-------+-------+-------+


-------------------
; Clock Transfers ;
-------------------
Nothing to report.


---------------
; Report TCCS ;
---------------
No dedicated SERDES Transmitter circuitry present in device or used in design


---------------
; Report RSKM ;
---------------
No dedicated SERDES Receiver circuitry present in device or used in design


+------------------------------------------------+
; Unconstrained Paths                            ;
+---------------------------------+-------+------+
; Property                        ; Setup ; Hold ;
+---------------------------------+-------+------+
; Illegal Clocks                  ; 0     ; 0    ;
; Unconstrained Clocks            ; 0     ; 0    ;
; Unconstrained Input Ports       ; 11    ; 11   ;
; Unconstrained Input Port Paths  ; 118   ; 118  ;
; Unconstrained Output Ports      ; 12    ; 12   ;
; Unconstrained Output Port Paths ; 118   ; 118  ;
+---------------------------------+-------+------+


+------------------------------------+
; TimeQuest Timing Analyzer Messages ;
+------------------------------------+
Info: *******************************************************************
Info: Running Quartus II 64-Bit TimeQuest Timing Analyzer
    Info: Version 13.0.1 Build 232 06/12/2013 Service Pack 1 SJ Full Version
    Info: Processing started: Sun Nov 01 10:26:34 2020
Info: Command: quartus_sta sumresdef -c sumresdef
Info: qsta_default_script.tcl version: #1
Info (11104): Parallel Compilation has detected 12 hyper-threaded processors. However, the extra hyper-threaded processors will not be used by default. Parallel Compilation will use 6 of the 6 physical processors detected instead.
Info (21077): Low junction temperature is 0 degrees C
Info (21077): High junction temperature is 85 degrees C
Critical Warning (332012): Synopsys Design Constraints File file not found: 'sumresdef.sdc'. A Synopsys Design Constraints File is required by the TimeQuest Timing Analyzer to get proper timing constraints. Without it, the Compiler will not properly optimize the design.
Info (332142): No user constrained base clocks found in the design. Calling "derive_clocks -period 1.0"
Info (332096): The command derive_clocks did not find any clocks to derive.  No clocks were created or changed.
Warning (332068): No clocks defined in design.
Info: Found TIMEQUEST_REPORT_SCRIPT_INCLUDE_DEFAULT_ANALYSIS = ON
Info (332159): No clocks to report
Info: Analyzing Slow Model
Info (332140): No fmax paths to report
Info (332140): No Setup paths to report
Info (332140): No Hold paths to report
Info (332140): No Recovery paths to report
Info (332140): No Removal paths to report
Info (332140): No Minimum Pulse Width paths to report
Info (332001): The selected device family is not supported by the report_metastability command.
Info: Analyzing Fast Model
Info (332142): No user constrained base clocks found in the design. Calling "derive_clocks -period 1.0"
Info (332096): The command derive_clocks did not find any clocks to derive.  No clocks were created or changed.
Warning (332068): No clocks defined in design.
Info (332140): No Setup paths to report
Info (332140): No Hold paths to report
Info (332140): No Recovery paths to report
Info (332140): No Removal paths to report
Info (332140): No Minimum Pulse Width paths to report
Info (332001): The selected device family is not supported by the report_metastability command.
Info (332102): Design is not fully constrained for setup requirements
Info (332102): Design is not fully constrained for hold requirements
Info: Quartus II 64-Bit TimeQuest Timing Analyzer was successful. 0 errors, 3 warnings
    Info: Peak virtual memory: 4560 megabytes
    Info: Processing ended: Sun Nov 01 10:26:35 2020
    Info: Elapsed time: 00:00:01
    Info: Total CPU time (on all processors): 00:00:01


